2017-04-08 15:52:58,542 [      0]   INFO -        #com.intellij.idea.Main - ------------------------------------------------------ IDE STARTED ------------------------------------------------------ 
2017-04-08 15:52:58,618 [     76]   INFO -        #com.intellij.idea.Main - IDE: PyCharm (build #PY-171.3780.115, 24 Mar 2017 06:52) 
2017-04-08 15:52:58,619 [     77]   INFO -        #com.intellij.idea.Main - OS: Windows 10 (10.0, amd64) 
2017-04-08 15:52:58,619 [     77]   INFO -        #com.intellij.idea.Main - JRE: 1.8.0_112-release-736-b13 (JetBrains s.r.o) 
2017-04-08 15:52:58,622 [     80]   INFO -        #com.intellij.idea.Main - JVM: 25.112-b13 (OpenJDK 64-Bit Server VM) 
2017-04-08 15:52:58,685 [    143]   INFO -        #com.intellij.idea.Main - JVM Args: -Xms128m -Xmx750m -XX:ReservedCodeCacheSize=240m -XX:+UseConcMarkSweepGC -XX:SoftRefLRUPolicyMSPerMB=50 -ea -Dsun.io.useCanonCaches=false -Djava.net.preferIPv4Stack=true -XX:+HeapDumpOnOutOfMemoryError -XX:-OmitStackTraceInFastThrow -Djb.vmOptionsFile=C:\Program Files (x86)\JetBrains\PyCharm 2017.1\bin\pycharm64.exe.vmoptions -Xbootclasspath/a:C:\Program Files (x86)\JetBrains\PyCharm 2017.1\lib\boot.jar -Didea.platform.prefix=Python -Didea.paths.selector=PyCharm2017.1 -XX:ErrorFile=C:\Users\austi\java_error_in_pycharm_%p.log -XX:HeapDumpPath=C:\Users\austi\java_error_in_pycharm.hprof 
2017-04-08 15:52:58,687 [    145]   INFO -        #com.intellij.idea.Main - ext: C:\Program Files (x86)\JetBrains\PyCharm 2017.1\jre64\lib\ext: [access-bridge-64.jar, cldrdata.jar, dnsns.jar, jaccess.jar, jfxrt.jar, localedata.jar, meta-index, nashorn.jar, sunec.jar, sunjce_provider.jar, sunmscapi.jar, sunpkcs11.jar, zipfs.jar] 
2017-04-08 15:52:58,687 [    145]   INFO -        #com.intellij.idea.Main - JNU charset: Cp1252 
2017-04-08 15:52:59,075 [    533]   INFO -        #com.intellij.idea.Main - JNA library (64-bit) loaded in 387 ms 
2017-04-08 15:52:59,155 [    613]   INFO - penapi.util.io.win32.IdeaWin32 - Native filesystem for Windows is operational 
2017-04-08 15:52:59,186 [    644]   INFO -        #com.intellij.idea.Main - Using "FocusKiller" library to prevent focus stealing. 
2017-04-08 15:53:03,539 [   4997]   INFO - llij.ide.plugins.PluginManager - Cannot find optional descriptor js-nashorn-support.xml 
2017-04-08 15:53:03,990 [   5448]   INFO - llij.ide.plugins.PluginManager - Cannot find optional descriptor uml-properties-support.xml 
2017-04-08 15:53:03,997 [   5455]   INFO - llij.ide.plugins.PluginManager - Cannot find optional descriptor uml-java-support.xml 
2017-04-08 15:53:05,082 [   6540]   INFO - llij.ide.plugins.PluginManager - 52 plugins initialized in 2806 ms 
2017-04-08 15:53:05,106 [   6564]   INFO - llij.ide.plugins.PluginManager - Loaded bundled plugins: AngularJS (171.3780.115), CSS Support (171.3780.115), CVS Integration (11), CoffeeScript (2.0), Concurrency Visualiser (0.1), Database Tools and SQL (1.0), Django Database Support Integration (1.0), Docker integration (2.5.3), EditorConfig (171.3780.115), File Watchers (171.3780.115), GNU GetText files support (*.po) (171.3780.115), Gherkin (999.999), Git Integration (8.1), GitHub (171.3780.115), HTML Tools (2.0), Haml (171.3780.115), IDEA CORE (171.3780.115), IPython Notebook (0.1), Ini4Idea (171.3780.115), IntelliLang (8.0), JavaScript Debugger (1.0), JavaScript Intention Power Pack (0.9.4), JavaScript Support (1.0), Less support (171.3780.115), Perforce Integration (2.0), Puppet Support (VERSION), Python BDD support for engines, based on Gherkin (cucumber, lettuce, behave) (0.1), Python Docker (VERSION), Python IntelliLang (VERSION), Python JavaScript Debugger Integration (VERSION), Python Localization Integration (VERSION), Python Profiler (0.1), Python ReStructureText Integration (1.0), Python Remote Interpreter (VERSION), Python Terminal (VERSION), Python UML Diagrams (VERSION), REST Client (171.3780.115), ReStructuredText Support (171.3780.115), Remote Hosts Access (0.1), SSH Remote Run (0.1), Sass support (171.3780.115), Settings Repository (171.3780.115), Stylus support (999.999), Subversion Integration (1.1), Task Management (1.0), Terminal (0.1), TextMate bundles support (VERSION), UML Support (1.0), Vagrant (171.3780.115), hg4idea (10.0), tslint (171.3780.115) 
2017-04-08 15:53:05,106 [   6564]   INFO - llij.ide.plugins.PluginManager - Loaded custom plugins: YAML (171.3780.115) 
2017-04-08 15:53:08,735 [  10193]   INFO - ellij.vfs.persistent.FSRecords - Marking VFS as corrupted: 'C:\Users\austi\.PyCharm2017.1\system\caches\names.dat' does not exist 
2017-04-08 15:53:08,746 [  10204]   INFO - ellij.util.io.PagedFileStorage - lower=100; upper=500; buffer=10; max=705 
2017-04-08 15:53:08,922 [  10380]   INFO - pl.local.NativeFileWatcherImpl - Starting file watcher: C:\Program Files (x86)\JetBrains\PyCharm 2017.1\bin\fsnotifier64.exe 
2017-04-08 15:53:09,269 [  10727]   INFO - pl.local.NativeFileWatcherImpl - Native file watcher is operational. 
2017-04-08 15:53:15,693 [  17151]   INFO - .history.utils.LocalHistoryLog - local history version mismatch (was: 0, expected: 6), rebuilding... 
2017-04-08 15:53:15,693 [  17151]   INFO - .history.utils.LocalHistoryLog - FS has been rebuild, rebuilding local history... 
2017-04-08 15:53:17,645 [  19103]   INFO - figurations.GeneralCommandLine - Cannot run program "C:\Program Files (x86)\JetBrains\PyCharm 2017.1\bin\java": CreateProcess error=2, The system cannot find the file specified 
java.io.IOException: Cannot run program "C:\Program Files (x86)\JetBrains\PyCharm 2017.1\bin\java": CreateProcess error=2, The system cannot find the file specified
	at java.lang.ProcessBuilder.start(ProcessBuilder.java:1048)
	at com.intellij.execution.configurations.GeneralCommandLine.startProcess(GeneralCommandLine.java:374)
	at com.intellij.execution.configurations.GeneralCommandLine.createProcess(GeneralCommandLine.java:360)
	at com.intellij.execution.process.OSProcessHandler.<init>(OSProcessHandler.java:45)
	at com.intellij.execution.process.CapturingProcessHandler.<init>(CapturingProcessHandler.java:38)
	at com.intellij.execution.util.ExecUtil.execAndGetOutput(ExecUtil.java:100)
	at com.intellij.util.JdkBundle.a(JdkBundle.java:220)
	at com.intellij.util.JdkBundle.createBundle(JdkBundle.java:92)
	at com.intellij.util.JdkBundle.createBoot(JdkBundle.java:125)
	at com.intellij.util.JdkBundle.createBoot(JdkBundle.java:113)
	at com.intellij.ide.SystemHealthMonitor.a(SystemHealthMonitor.java:86)
	at com.intellij.ide.SystemHealthMonitor.initComponent(SystemHealthMonitor.java:75)
	at com.intellij.openapi.components.impl.ComponentManagerImpl$ComponentConfigComponentAdapter.getComponentInstance(ComponentManagerImpl.java:491)
	at com.intellij.openapi.components.impl.ComponentManagerImpl.createComponents(ComponentManagerImpl.java:120)
	at com.intellij.openapi.application.impl.ApplicationImpl.a(ApplicationImpl.java:466)
	at com.intellij.openapi.progress.impl.CoreProgressManager.a(CoreProgressManager.java:176)
	at com.intellij.openapi.progress.impl.CoreProgressManager.a(CoreProgressManager.java:556)
	at com.intellij.openapi.progress.impl.CoreProgressManager.executeProcessUnderProgress(CoreProgressManager.java:501)
	at com.intellij.openapi.progress.impl.ProgressManagerImpl.executeProcessUnderProgress(ProgressManagerImpl.java:66)
	at com.intellij.openapi.progress.impl.CoreProgressManager.runProcess(CoreProgressManager.java:163)
	at com.intellij.openapi.application.impl.ApplicationImpl.createComponents(ApplicationImpl.java:473)
	at com.intellij.openapi.components.impl.ComponentManagerImpl.init(ComponentManagerImpl.java:104)
	at com.intellij.openapi.application.impl.ApplicationImpl.load(ApplicationImpl.java:425)
	at com.intellij.openapi.application.impl.ApplicationImpl.load(ApplicationImpl.java:411)
	at com.intellij.idea.IdeaApplication.run(IdeaApplication.java:199)
	at sun.reflect.NativeMethodAccessorImpl.invoke0(Native Method)
	at sun.reflect.NativeMethodAccessorImpl.invoke(NativeMethodAccessorImpl.java:62)
	at sun.reflect.DelegatingMethodAccessorImpl.invoke(DelegatingMethodAccessorImpl.java:43)
	at java.lang.reflect.Method.invoke(Method.java:498)
	at com.intellij.idea.MainImpl$1$1.a(MainImpl.java:63)
	at java.awt.event.InvocationEvent.dispatch(InvocationEvent.java:311)
	at java.awt.EventQueue.dispatchEventImpl(EventQueue.java:762)
	at java.awt.EventQueue.access$500(EventQueue.java:98)
	at java.awt.EventQueue$3.run(EventQueue.java:715)
	at java.awt.EventQueue$3.run(EventQueue.java:709)
	at java.security.AccessController.doPrivileged(Native Method)
	at java.security.ProtectionDomain$JavaSecurityAccessImpl.doIntersectionPrivilege(ProtectionDomain.java:80)
	at java.awt.EventQueue.dispatchEvent(EventQueue.java:732)
	at com.intellij.ide.IdeEventQueue.dispatchEvent(IdeEventQueue.java:343)
	at java.awt.EventDispatchThread.pumpOneEventForFilters(EventDispatchThread.java:201)
	at java.awt.EventDispatchThread.pumpEventsForFilter(EventDispatchThread.java:116)
	at java.awt.EventDispatchThread.pumpEventsForHierarchy(EventDispatchThread.java:105)
	at java.awt.EventDispatchThread.pumpEvents(EventDispatchThread.java:101)
	at java.awt.EventDispatchThread.pumpEvents(EventDispatchThread.java:93)
	at java.awt.EventDispatchThread.run(EventDispatchThread.java:82)
Caused by: java.io.IOException: CreateProcess error=2, The system cannot find the file specified
	at java.lang.ProcessImpl.create(Native Method)
	at java.lang.ProcessImpl.<init>(ProcessImpl.java:386)
	at java.lang.ProcessImpl.start(ProcessImpl.java:137)
	at java.lang.ProcessBuilder.start(ProcessBuilder.java:1029)
	... 44 more
2017-04-08 15:53:18,263 [  19721]   INFO - rains.ide.BuiltInServerManager - built-in server started, port 63342 
2017-04-08 15:53:18,309 [  19767]   INFO - gs.impl.UpdateCheckerComponent - channel: release 
2017-04-08 15:53:20,404 [  21862]   INFO - il.indexing.FileBasedIndexImpl - Index exts enumerated:1328 
2017-04-08 15:53:20,447 [  21905]   INFO - il.indexing.FileBasedIndexImpl - Index scheduled:43 
2017-04-08 15:53:21,274 [  22732]   INFO - tellij.psi.stubs.StubIndexImpl - All stub exts enumerated:819 
2017-04-08 15:53:21,275 [  22733]   INFO - tellij.psi.stubs.StubIndexImpl - stub exts update scheduled:1 
2017-04-08 15:53:22,226 [  23684]   INFO - j.ide.script.IdeStartupScripts - 0 startup script(s) found 
2017-04-08 15:53:26,528 [  27986]   INFO - plication.impl.ApplicationImpl - 80 application components initialized in 24272ms 
2017-04-08 15:53:26,562 [  28020]   INFO - .intellij.idea.IdeaApplication - App initialization took 36572 ms 
2017-04-08 15:53:33,365 [  34823]   INFO - ij.psi.stubs.StubUpdatingIndex - Following new file types will be indexed:Puppet,Stylus,PythonStub,SQL,JavaScript,Less,ECMAScript 6,Jinja2,Python,TypeScript,Flow,JSX Harmony,CSS,Sass,Literate CoffeeScript,SCSS,Cython,Ini,ActionScript,HTML,XML,TypeScript JSX,Mako,CoffeeScript 
2017-04-08 15:53:33,646 [  35104]   INFO - ellij.project.impl.ProjectImpl - 15 project components initialized in 2991 ms 
2017-04-08 15:53:37,109 [  38567]   INFO - pl$FileIndexDataInitialization - Initialization done:16660 
2017-04-08 15:53:40,854 [  42312]   INFO - exImpl$StubIndexInitialization - Initialization done:3744 
2017-04-08 15:53:46,546 [  48004]   INFO - .openapi.application.Preloader - Finished preloading com.intellij.openapi.actionSystem.impl.ActionPreloader@44001552 
2017-04-08 15:53:48,000 [  49458]   INFO - .openapi.application.Preloader - Finished preloading com.intellij.ide.ui.search.SearchableOptionPreloader@3928426b 
2017-04-08 15:53:50,904 [  52362]   INFO - .openapi.application.Preloader - Finished preloading com.intellij.codeInsight.completion.CompletionPreloader@60e3fcbd 
2017-04-08 15:54:18,711 [  80169]   INFO - stubs.SerializationManagerImpl - START StubSerializationManager SHUTDOWN 
2017-04-08 15:54:18,713 [  80171]   INFO - stubs.SerializationManagerImpl - END StubSerializationManager SHUTDOWN 
2017-04-08 15:54:18,726 [  80184]   INFO - org.jetbrains.io.BuiltInServer - web server stopped 
2017-04-08 15:54:18,727 [  80185]   INFO - Types.impl.FileTypeManagerImpl - FileTypeManager: 0 auto-detected files
Elapsed time on auto-detect: 0 ms 
2017-04-08 15:54:18,773 [  80231]   INFO - pl.local.NativeFileWatcherImpl - Watcher terminated with exit code 0 
2017-04-08 15:54:18,775 [  80233]   INFO - il.indexing.FileBasedIndexImpl - START INDEX SHUTDOWN 
2017-04-08 15:54:18,999 [  80457]   INFO - il.indexing.FileBasedIndexImpl - END INDEX SHUTDOWN 
2017-04-08 15:54:19,003 [  80461]   INFO - newvfs.persistent.PersistentFS - VFS dispose started 
2017-04-08 15:54:19,014 [  80472]   INFO - newvfs.persistent.PersistentFS - VFS dispose completed 
2017-04-08 15:54:19,023 [  80481]   INFO -   #com.intellij.util.Restarter - restart: [] 
2017-04-08 15:54:19,847 [  81305]   INFO -        #com.intellij.idea.Main - ------------------------------------------------------ IDE SHUTDOWN ------------------------------------------------------ 
2017-04-08 15:54:19,854 [  81312]   INFO - org.jetbrains.io.BuiltInServer - web server stopped 
2017-04-08 15:54:22,875 [      0]   INFO -        #com.intellij.idea.Main - ------------------------------------------------------ IDE STARTED ------------------------------------------------------ 
2017-04-08 15:54:22,941 [     66]   INFO -     #com.intellij.util.ui.JBUI - UI scale factor: 1.0 
2017-04-08 15:54:22,956 [     81]   INFO -        #com.intellij.idea.Main - IDE: PyCharm (build #PY-171.3780.115, 24 Mar 2017 06:22) 
2017-04-08 15:54:22,956 [     81]   INFO -        #com.intellij.idea.Main - OS: Windows 10 (10.0, amd64) 
2017-04-08 15:54:22,956 [     81]   INFO -        #com.intellij.idea.Main - JRE: 1.8.0_112-release-736-b13 (JetBrains s.r.o) 
2017-04-08 15:54:22,956 [     81]   INFO -        #com.intellij.idea.Main - JVM: 25.112-b13 (OpenJDK 64-Bit Server VM) 
2017-04-08 15:54:22,960 [     85]   INFO -        #com.intellij.idea.Main - JVM Args: -Xms128m -Xmx750m -XX:ReservedCodeCacheSize=240m -XX:+UseConcMarkSweepGC -XX:SoftRefLRUPolicyMSPerMB=50 -ea -Dsun.io.useCanonCaches=false -Djava.net.preferIPv4Stack=true -XX:+HeapDumpOnOutOfMemoryError -XX:-OmitStackTraceInFastThrow -Djb.vmOptionsFile=C:\Program Files (x86)\JetBrains\PyCharm 2017.1\bin\pycharm64.exe.vmoptions -Xbootclasspath/a:C:\Program Files (x86)\JetBrains\PyCharm 2017.1\lib\boot.jar -Didea.platform.prefix=Python -Didea.paths.selector=PyCharm2017.1 -XX:ErrorFile=C:\Users\austi\java_error_in_pycharm_%p.log -XX:HeapDumpPath=C:\Users\austi\java_error_in_pycharm.hprof 
2017-04-08 15:54:22,961 [     86]   INFO -        #com.intellij.idea.Main - ext: C:\Program Files (x86)\JetBrains\PyCharm 2017.1\jre64\lib\ext: [access-bridge-64.jar, cldrdata.jar, dnsns.jar, jaccess.jar, jfxrt.jar, localedata.jar, meta-index, nashorn.jar, sunec.jar, sunjce_provider.jar, sunmscapi.jar, sunpkcs11.jar, zipfs.jar] 
2017-04-08 15:54:22,961 [     86]   INFO -        #com.intellij.idea.Main - JNU charset: Cp1252 
2017-04-08 15:54:23,007 [    132]   INFO -        #com.intellij.idea.Main - JNA library (64-bit) loaded in 46 ms 
2017-04-08 15:54:23,012 [    137]   INFO - penapi.util.io.win32.IdeaWin32 - Native filesystem for Windows is operational 
2017-04-08 15:54:23,014 [    139]   INFO -        #com.intellij.idea.Main - Using "FocusKiller" library to prevent focus stealing. 
2017-04-08 15:54:24,477 [   1602]   INFO - llij.ide.plugins.PluginManager - Cannot find optional descriptor js-nashorn-support.xml 
2017-04-08 15:54:24,733 [   1858]   INFO - llij.ide.plugins.PluginManager - Cannot find optional descriptor uml-properties-support.xml 
2017-04-08 15:54:24,737 [   1862]   INFO - llij.ide.plugins.PluginManager - Cannot find optional descriptor uml-java-support.xml 
2017-04-08 15:54:25,501 [   2626]   INFO - llij.ide.plugins.PluginManager - 52 plugins initialized in 1538 ms 
2017-04-08 15:54:25,520 [   2645]   INFO - llij.ide.plugins.PluginManager - Loaded bundled plugins: AngularJS (171.3780.115), CSS Support (171.3780.115), CVS Integration (11), CoffeeScript (2.0), Concurrency Visualiser (0.1), Database Tools and SQL (1.0), Django Database Support Integration (1.0), Docker integration (2.5.3), EditorConfig (171.3780.115), File Watchers (171.3780.115), GNU GetText files support (*.po) (171.3780.115), Gherkin (999.999), Git Integration (8.1), GitHub (171.3780.115), HTML Tools (2.0), Haml (171.3780.115), IDEA CORE (171.3780.115), IPython Notebook (0.1), Ini4Idea (171.3780.115), IntelliLang (8.0), JavaScript Debugger (1.0), JavaScript Intention Power Pack (0.9.4), JavaScript Support (1.0), Less support (171.3780.115), Perforce Integration (2.0), Puppet Support (VERSION), Python BDD support for engines, based on Gherkin (cucumber, lettuce, behave) (0.1), Python Docker (VERSION), Python IntelliLang (VERSION), Python JavaScript Debugger Integration (VERSION), Python Localization Integration (VERSION), Python Profiler (0.1), Python ReStructureText Integration (1.0), Python Remote Interpreter (VERSION), Python Terminal (VERSION), Python UML Diagrams (VERSION), REST Client (171.3780.115), ReStructuredText Support (171.3780.115), Remote Hosts Access (0.1), SSH Remote Run (0.1), Sass support (171.3780.115), Settings Repository (171.3780.115), Stylus support (999.999), Subversion Integration (1.1), Task Management (1.0), Terminal (0.1), TextMate bundles support (VERSION), UML Support (1.0), Vagrant (171.3780.115), hg4idea (10.0), tslint (171.3780.115) 
2017-04-08 15:54:25,520 [   2645]   INFO - llij.ide.plugins.PluginManager - Loaded custom plugins: YAML (171.3780.115) 
2017-04-08 15:54:26,330 [   3455]   INFO - ellij.util.io.PagedFileStorage - lower=100; upper=500; buffer=10; max=705 
2017-04-08 15:54:26,363 [   3488]   INFO - pl.local.NativeFileWatcherImpl - Starting file watcher: C:\Program Files (x86)\JetBrains\PyCharm 2017.1\bin\fsnotifier64.exe 
2017-04-08 15:54:26,414 [   3539]   INFO - pl.local.NativeFileWatcherImpl - Native file watcher is operational. 
2017-04-08 15:54:26,497 [   3622]   INFO - pi.util.registry.RegistryState - Registry values changed by user: 
2017-04-08 15:54:26,497 [   3622]   INFO - pi.util.registry.RegistryState -   ide.ssh.one.time.password = true 
2017-04-08 15:54:28,277 [   5402]   INFO - figurations.GeneralCommandLine - Cannot run program "C:\Program Files (x86)\JetBrains\PyCharm 2017.1\bin\java": CreateProcess error=2, The system cannot find the file specified 
java.io.IOException: Cannot run program "C:\Program Files (x86)\JetBrains\PyCharm 2017.1\bin\java": CreateProcess error=2, The system cannot find the file specified
	at java.lang.ProcessBuilder.start(ProcessBuilder.java:1048)
	at com.intellij.execution.configurations.GeneralCommandLine.startProcess(GeneralCommandLine.java:374)
	at com.intellij.execution.configurations.GeneralCommandLine.createProcess(GeneralCommandLine.java:360)
	at com.intellij.execution.process.OSProcessHandler.<init>(OSProcessHandler.java:45)
	at com.intellij.execution.process.CapturingProcessHandler.<init>(CapturingProcessHandler.java:38)
	at com.intellij.execution.util.ExecUtil.execAndGetOutput(ExecUtil.java:100)
	at com.intellij.util.JdkBundle.a(JdkBundle.java:220)
	at com.intellij.util.JdkBundle.createBundle(JdkBundle.java:92)
	at com.intellij.util.JdkBundle.createBoot(JdkBundle.java:125)
	at com.intellij.util.JdkBundle.createBoot(JdkBundle.java:113)
	at com.intellij.ide.SystemHealthMonitor.a(SystemHealthMonitor.java:86)
	at com.intellij.ide.SystemHealthMonitor.initComponent(SystemHealthMonitor.java:75)
	at com.intellij.openapi.components.impl.ComponentManagerImpl$ComponentConfigComponentAdapter.getComponentInstance(ComponentManagerImpl.java:491)
	at com.intellij.openapi.components.impl.ComponentManagerImpl.createComponents(ComponentManagerImpl.java:120)
	at com.intellij.openapi.application.impl.ApplicationImpl.a(ApplicationImpl.java:466)
	at com.intellij.openapi.progress.impl.CoreProgressManager.a(CoreProgressManager.java:176)
	at com.intellij.openapi.progress.impl.CoreProgressManager.a(CoreProgressManager.java:556)
	at com.intellij.openapi.progress.impl.CoreProgressManager.executeProcessUnderProgress(CoreProgressManager.java:501)
	at com.intellij.openapi.progress.impl.ProgressManagerImpl.executeProcessUnderProgress(ProgressManagerImpl.java:66)
	at com.intellij.openapi.progress.impl.CoreProgressManager.runProcess(CoreProgressManager.java:163)
	at com.intellij.openapi.application.impl.ApplicationImpl.createComponents(ApplicationImpl.java:473)
	at com.intellij.openapi.components.impl.ComponentManagerImpl.init(ComponentManagerImpl.java:104)
	at com.intellij.openapi.application.impl.ApplicationImpl.load(ApplicationImpl.java:425)
	at com.intellij.openapi.application.impl.ApplicationImpl.load(ApplicationImpl.java:411)
	at com.intellij.idea.IdeaApplication.run(IdeaApplication.java:199)
	at sun.reflect.NativeMethodAccessorImpl.invoke0(Native Method)
	at sun.reflect.NativeMethodAccessorImpl.invoke(NativeMethodAccessorImpl.java:62)
	at sun.reflect.DelegatingMethodAccessorImpl.invoke(DelegatingMethodAccessorImpl.java:43)
	at java.lang.reflect.Method.invoke(Method.java:498)
	at com.intellij.idea.MainImpl$1$1.a(MainImpl.java:63)
	at java.awt.event.InvocationEvent.dispatch(InvocationEvent.java:311)
	at java.awt.EventQueue.dispatchEventImpl(EventQueue.java:762)
	at java.awt.EventQueue.access$500(EventQueue.java:98)
	at java.awt.EventQueue$3.run(EventQueue.java:715)
	at java.awt.EventQueue$3.run(EventQueue.java:709)
	at java.security.AccessController.doPrivileged(Native Method)
	at java.security.ProtectionDomain$JavaSecurityAccessImpl.doIntersectionPrivilege(ProtectionDomain.java:80)
	at java.awt.EventQueue.dispatchEvent(EventQueue.java:732)
	at com.intellij.ide.IdeEventQueue.dispatchEvent(IdeEventQueue.java:343)
	at java.awt.EventDispatchThread.pumpOneEventForFilters(EventDispatchThread.java:201)
	at java.awt.EventDispatchThread.pumpEventsForFilter(EventDispatchThread.java:116)
	at java.awt.EventDispatchThread.pumpEventsForHierarchy(EventDispatchThread.java:105)
	at java.awt.EventDispatchThread.pumpEvents(EventDispatchThread.java:101)
	at java.awt.EventDispatchThread.pumpEvents(EventDispatchThread.java:93)
	at java.awt.EventDispatchThread.run(EventDispatchThread.java:82)
Caused by: java.io.IOException: CreateProcess error=2, The system cannot find the file specified
	at java.lang.ProcessImpl.create(Native Method)
	at java.lang.ProcessImpl.<init>(ProcessImpl.java:386)
	at java.lang.ProcessImpl.start(ProcessImpl.java:137)
	at java.lang.ProcessBuilder.start(ProcessBuilder.java:1029)
	... 44 more
2017-04-08 15:54:28,324 [   5449]   INFO - rains.ide.BuiltInServerManager - built-in server started, port 63342 
2017-04-08 15:54:28,357 [   5482]   INFO - gs.impl.UpdateCheckerComponent - channel: release 
2017-04-08 15:54:28,611 [   5736]   INFO - il.indexing.FileBasedIndexImpl - Index exts enumerated:89 
2017-04-08 15:54:28,620 [   5745]   INFO - il.indexing.FileBasedIndexImpl - Index scheduled:8 
2017-04-08 15:54:28,673 [   5798]   INFO - tellij.psi.stubs.StubIndexImpl - All stub exts enumerated:41 
2017-04-08 15:54:28,674 [   5799]   INFO - tellij.psi.stubs.StubIndexImpl - stub exts update scheduled:0 
2017-04-08 15:54:28,738 [   5863]   INFO - j.ide.script.IdeStartupScripts - 0 startup script(s) found 
2017-04-08 15:54:29,108 [   6233]   INFO - plication.impl.ApplicationImpl - 80 application components initialized in 5150ms 
2017-04-08 15:54:29,274 [   6399]   INFO - .intellij.idea.IdeaApplication - App initialization took 7918 ms 
2017-04-08 15:54:30,422 [   7547]   INFO - ellij.project.impl.ProjectImpl - 15 project components initialized in 301 ms 
2017-04-08 15:54:31,341 [   8466]   INFO - pl$FileIndexDataInitialization - Initialization done:2720 
2017-04-08 15:54:32,360 [   9485]   INFO - exImpl$StubIndexInitialization - Initialization done:1018 
2017-04-08 15:54:33,037 [  10162]   INFO - .openapi.application.Preloader - Finished preloading com.intellij.openapi.actionSystem.impl.ActionPreloader@c62d996 
